<?xml version="1.0" encoding="UTF-8"?>
<!-- Generated by org.testng.reporters.JUnitReportReporter -->
<testsuite hostname="DESKTOP-C61U6HK" failures="0" tests="3" name="pack1.FrameWorknewWebsite" time="2.607" errors="0" timestamp="3 Jan 2019 12:50:27 GMT">
  <testcase classname="pack1.FrameWorknewWebsite" name="websitesignup" time="0.731"/>
  <testcase classname="pack1.FrameWorknewWebsite" name="websitesignup" time="1.143"/>
  <testcase classname="pack1.FrameWorknewWebsite" name="websitesignup" time="0.733"/>
</testsuite> <!-- pack1.FrameWorknewWebsite -->
