<?xml version="1.0" encoding="UTF-8"?>
<!-- Generated by org.testng.reporters.JUnitReportReporter -->
<testsuite hostname="DESKTOP-C61U6HK" failures="0" tests="9" name="pack1.FacebookWithTestNG" time="4.494" errors="0" timestamp="28 Feb 2019 02:05:34 GMT">
  <testcase classname="pack1.FacebookWithTestNG" name="EnterFirstName" time="0.148"/>
  <testcase classname="pack1.FacebookWithTestNG" name="SelectYesr" time="3.150"/>
  <testcase classname="pack1.FacebookWithTestNG" name="SelectDay" time="0.147"/>
  <testcase classname="pack1.FacebookWithTestNG" name="EnterLastName" time="0.153"/>
  <testcase classname="pack1.FacebookWithTestNG" name="EnterEmail" time="0.238"/>
  <testcase classname="pack1.FacebookWithTestNG" name="EnterAEmail" time="0.197"/>
  <testcase classname="pack1.FacebookWithTestNG" name="EnterPassword" time="0.135"/>
  <testcase classname="pack1.FacebookWithTestNG" name="ClickOnMale" time="0.121"/>
  <testcase classname="pack1.FacebookWithTestNG" name="SelectMonth" time="0.205"/>
</testsuite> <!-- pack1.FacebookWithTestNG -->
