<?xml version="1.0" encoding="UTF-8"?>
<!-- Generated by org.testng.reporters.JUnitReportReporter -->
<testsuite hostname="DESKTOP-C61U6HK" failures="0" tests="2" name="pack1.Framework1" time="12.820" errors="0" timestamp="13 Dec 2018 01:56:16 GMT">
  <testcase classname="pack1.Framework1" name="FaceBooksignup" time="5.813"/>
  <testcase classname="pack1.Framework1" name="FaceBooksignup" time="7.007"/>
</testsuite> <!-- pack1.Framework1 -->
