<?xml version="1.0" encoding="UTF-8"?>
<!-- Generated by org.testng.reporters.JUnitReportReporter -->
<testsuite hostname="DESKTOP-C61U6HK" failures="0" tests="16" name="pack1.Mynewwebsite" time="1.066" errors="0" timestamp="5 Dec 2018 21:47:58 GMT">
  <testcase classname="pack1.Mynewwebsite" name="GetUrl" time="0.012"/>
  <testcase classname="pack1.Mynewwebsite" name="GetTittle" time="0.019"/>
  <testcase classname="pack1.Mynewwebsite" name="UserDOB" time="0.098"/>
  <testcase classname="pack1.Mynewwebsite" name="UserEmail" time="0.099"/>
  <testcase classname="pack1.Mynewwebsite" name="UserDOM" time="0.099"/>
  <testcase classname="pack1.Mynewwebsite" name="UserGender" time="0.071"/>
  <testcase classname="pack1.Mynewwebsite" name="GetOSdetails" time="0.001"/>
  <testcase classname="pack1.Mynewwebsite" name="RetypeEmail" time="0.097"/>
  <testcase classname="pack1.Mynewwebsite" name="GetText2" time="0.053"/>
  <testcase classname="pack1.Mynewwebsite" name="VerifyEmage" time="0.050"/>
  <testcase classname="pack1.Mynewwebsite" name="GetText" time="0.057"/>
  <testcase classname="pack1.Mynewwebsite" name="UserLastName" time="0.079"/>
  <testcase classname="pack1.Mynewwebsite" name="UserFirstName" time="0.087"/>
  <testcase classname="pack1.Mynewwebsite" name="UserPassword" time="0.081"/>
  <testcase classname="pack1.Mynewwebsite" name="UserDOY" time="0.096"/>
  <testcase classname="pack1.Mynewwebsite" name="GetText1" time="0.067"/>
</testsuite> <!-- pack1.Mynewwebsite -->
