<?xml version="1.0" encoding="UTF-8"?>
<!-- Generated by org.testng.reporters.JUnitReportReporter -->
<testsuite hostname="DESKTOP-C61U6HK" failures="0" tests="1" name="pack1.Bankrateweb" time="9.694" errors="0" timestamp="6 Jan 2019 02:19:22 GMT">
  <testcase classname="pack1.Bankrateweb" name="clickMortgages" time="9.694"/>
</testsuite> <!-- pack1.Bankrateweb -->
